<?xml version="1.0" encoding="UTF-8"?>
<testng-results ignored="0" total="1" passed="1" failed="0" skipped="0">
  <reporter-output>
    <line>
      <![CDATA[Setting up reports and test is getting started]]>
    </line>
    <line>
      <![CDATA[Setting up reports and test can be started]]>
    </line>
    <line>
      <![CDATA[Trying to start browser and Getting application Ready]]>
    </line>
    <line>
      <![CDATA[Browser and Application is up and running]]>
    </line>
    <line>
      <![CDATA[Test Completed >> Reports Generated ]]>
    </line>
  </reporter-output>
  <suite started-at="2021-05-30T06:21:04Z" name="Suite" finished-at="2021-05-30T06:21:14Z" duration-ms="10257">
    <groups>
    </groups>
    <test started-at="2021-05-30T06:21:04Z" name="Test" finished-at="2021-05-30T06:21:14Z" duration-ms="10257">
      <class name="com.test.testcases.LoginToOdoo">
        <test-method is-config="true" signature="SetupSuite()[pri:0, instance:com.test.testcases.LoginToOdoo@5d0a1059]" started-at="2021-05-30T06:21:02Z" name="SetupSuite" finished-at="2021-05-30T06:21:04Z" duration-ms="1507" status="PASS">
          <reporter-output>
            <line>
              <![CDATA[Setting up reports and test is getting started]]>
            </line>
            <line>
              <![CDATA[Setting up reports and test can be started]]>
            </line>
          </reporter-output>
        </test-method> <!-- SetupSuite -->
        <test-method is-config="true" signature="setup()[pri:0, instance:com.test.testcases.LoginToOdoo@5d0a1059]" started-at="2021-05-30T06:21:04Z" name="setup" finished-at="2021-05-30T06:21:10Z" duration-ms="6413" status="PASS">
          <reporter-output>
            <line>
              <![CDATA[Trying to start browser and Getting application Ready]]>
            </line>
            <line>
              <![CDATA[Browser and Application is up and running]]>
            </line>
          </reporter-output>
        </test-method> <!-- setup -->
        <test-method signature="launching()[pri:0, instance:com.test.testcases.LoginToOdoo@5d0a1059]" started-at="2021-05-30T06:21:10Z" name="launching" finished-at="2021-05-30T06:21:12Z" duration-ms="1831" status="PASS">
          <reporter-output>
          </reporter-output>
        </test-method> <!-- launching -->
        <test-method is-config="true" signature="tearDownMethods(org.testng.ITestResult)[pri:0, instance:com.test.testcases.LoginToOdoo@5d0a1059]" started-at="2021-05-30T06:21:12Z" name="tearDownMethods" finished-at="2021-05-30T06:21:14Z" duration-ms="1802" status="PASS">
          <params>
            <param index="0">
              <value>
                <![CDATA[[TestResult name=launching status=SUCCESS method=LoginToOdoo.launching()[pri:0, instance:com.test.testcases.LoginToOdoo@5d0a1059] output={null}]]]>
              </value>
            </param>
          </params>
          <reporter-output>
            <line>
              <![CDATA[Test Completed >> Reports Generated ]]>
            </line>
          </reporter-output>
        </test-method> <!-- tearDownMethods -->
        <test-method is-config="true" signature="tearDown()[pri:0, instance:com.test.testcases.LoginToOdoo@5d0a1059]" started-at="2021-05-30T06:21:14Z" name="tearDown" finished-at="2021-05-30T06:21:14Z" duration-ms="177" status="PASS">
          <reporter-output>
          </reporter-output>
        </test-method> <!-- tearDown -->
      </class> <!-- com.test.testcases.LoginToOdoo -->
    </test> <!-- Test -->
  </suite> <!-- Suite -->
</testng-results>
